{"uid":"6a162a75401aa57c","name":"test_03_edit_product_category_1___Product_Cat_07____Product_Cat_edit_07__","fullName":"Test_12_ProductCategory.TestProductCategory#test_03_edit_product_category_1___Product_Cat_07____Product_Cat_edit_07__","historyId":"e1495af3427672192a932867d9cbec43","time":{"start":1694165914954,"stop":1694165949478,"duration":34524},"description":"To verify edit Product Category. ","descriptionHtml":"<p>To verify edit Product Category.</p>\n","status":"broken","statusMessage":"selenium.common.exceptions.TimeoutException: Message: \nStacktrace:\n\tGetHandleVerifier [0x005537C3+48947]\n\t(No symbol) [0x004E8551]\n\t(No symbol) [0x003EC92D]\n\t(No symbol) [0x00419E38]\n\t(No symbol) [0x00419EFB]\n\t(No symbol) [0x00448EF2]\n\t(No symbol) [0x004350D4]\n\t(No symbol) [0x004475DA]\n\t(No symbol) [0x00434E86]\n\t(No symbol) [0x004116C7]\n\t(No symbol) [0x0041284D]\n\tGetHandleVerifier [0x0079FDF9+2458985]\n\tGetHandleVerifier [0x007E744F+2751423]\n\tGetHandleVerifier [0x007E1361+2726609]\n\tGetHandleVerifier [0x005D0680+560624]\n\t(No symbol) [0x004F238C]\n\t(No symbol) [0x004EE268]\n\t(No symbol) [0x004EE392]\n\t(No symbol) [0x004E10B7]\n\tBaseThreadInitThunk [0x76227BA9+25]\n\tRtlInitializeExceptionChain [0x776BB79B+107]\n\tRtlClearBits [0x776BB71F+191]","statusTrace":"self = <TestsCases.Test_12_ProductCategory.TestProductCategory testMethod=test_03_edit_product_category_1___Product_Cat_07____Product_Cat_edit_07__>\nname = 'Product-Cat-07', edit_name = 'Product-Cat-edit-07'\n\n    @allure.description(\"To verify edit Product Category. \")\n    @allure.severity(allure.severity_level.NORMAL)\n    @data(*Utils.read_xlsx(\"../TestData/ProductCategory/TestProductCategory.xlsx\", \"edit_category\"))\n    @unpack\n    def test_03_edit_product_category(self, name, edit_name):\n        self.LoginMethod.nativelogin(\"frugal@latido.com.np\", \"Test@123\")\n        try:\n            self.assertEqual(self.category.test_edit_category(name, edit_name), True,\n                             msg=\"Verify Failed to edit Product Category page\")\n        # Checking if assertion failed\n        except (NoSuchElementException, AssertionError, TimeoutException, AttributeError) as e:\n            allure.attach(self.driver.get_screenshot_as_png(), name=\"verify_Product_Category\",\n                          attachment_type=AttachmentType.PNG)\n>           raise e\n\nTest_12_ProductCategory.py:71: \n_ _ _ _ _ _ _ _ _ _ _ _ _ _ _ _ _ _ _ _ _ _ _ _ _ _ _ _ _ _ _ _ _ _ _ _ _ _ _ _\nTest_12_ProductCategory.py:65: in test_03_edit_product_category\n    self.assertEqual(self.category.test_edit_category(name, edit_name), True,\n..\\executions\\ProductCategoryExecutions\\ProductCategoryMethod.py:60: in test_edit_category\n    self.Category.clear(self.Category.CATEGORY_NAME)\n..\\Pages\\ProductCategory\\ProductCategoryPage.py:56: in clear\n    self.wait.until(EC.element_to_be_clickable(locator)).send_keys(Keys.CONTROL + 'a')\n_ _ _ _ _ _ _ _ _ _ _ _ _ _ _ _ _ _ _ _ _ _ _ _ _ _ _ _ _ _ _ _ _ _ _ _ _ _ _ _\n\nself = <selenium.webdriver.support.wait.WebDriverWait (session=\"e73a385f4c21b4a351fb350fc1f666fb\")>\nmethod = <function element_to_be_clickable.<locals>._predicate at 0x000001C657A07910>\nmessage = ''\n\n    def until(self, method, message: str = \"\"):\n        \"\"\"Calls the method provided with the driver as an argument until the \\\n        return value does not evaluate to ``False``.\n    \n        :param method: callable(WebDriver)\n        :param message: optional message for :exc:`TimeoutException`\n        :returns: the result of the last call to `method`\n        :raises: :exc:`selenium.common.exceptions.TimeoutException` if timeout occurs\n        \"\"\"\n        screen = None\n        stacktrace = None\n    \n        end_time = time.monotonic() + self._timeout\n        while True:\n            try:\n                value = method(self._driver)\n                if value:\n                    return value\n            except self._ignored_exceptions as exc:\n                screen = getattr(exc, \"screen\", None)\n                stacktrace = getattr(exc, \"stacktrace\", None)\n            time.sleep(self._poll)\n            if time.monotonic() > end_time:\n                break\n>       raise TimeoutException(message, screen, stacktrace)\nE       selenium.common.exceptions.TimeoutException: Message: \nE       Stacktrace:\nE       \tGetHandleVerifier [0x005537C3+48947]\nE       \t(No symbol) [0x004E8551]\nE       \t(No symbol) [0x003EC92D]\nE       \t(No symbol) [0x00419E38]\nE       \t(No symbol) [0x00419EFB]\nE       \t(No symbol) [0x00448EF2]\nE       \t(No symbol) [0x004350D4]\nE       \t(No symbol) [0x004475DA]\nE       \t(No symbol) [0x00434E86]\nE       \t(No symbol) [0x004116C7]\nE       \t(No symbol) [0x0041284D]\nE       \tGetHandleVerifier [0x0079FDF9+2458985]\nE       \tGetHandleVerifier [0x007E744F+2751423]\nE       \tGetHandleVerifier [0x007E1361+2726609]\nE       \tGetHandleVerifier [0x005D0680+560624]\nE       \t(No symbol) [0x004F238C]\nE       \t(No symbol) [0x004EE268]\nE       \t(No symbol) [0x004EE392]\nE       \t(No symbol) [0x004E10B7]\nE       \tBaseThreadInitThunk [0x76227BA9+25]\nE       \tRtlInitializeExceptionChain [0x776BB79B+107]\nE       \tRtlClearBits [0x776BB71F+191]\n\n..\\.venv\\lib\\site-packages\\selenium\\webdriver\\support\\wait.py:95: TimeoutException","flaky":false,"newFailed":false,"newBroken":false,"newPassed":false,"retriesCount":0,"retriesStatusChange":false,"beforeStages":[{"name":"_unittest_setUpClass_fixture_TestProductCategory","time":{"start":1694165805024,"stop":1694165805024,"duration":0},"status":"passed","steps":[],"attachments":[],"parameters":[],"attachmentsCount":0,"shouldDisplayMessage":false,"hasContent":false,"stepsCount":0}],"testStage":{"description":"To verify edit Product Category. ","status":"broken","statusMessage":"selenium.common.exceptions.TimeoutException: Message: \nStacktrace:\n\tGetHandleVerifier [0x005537C3+48947]\n\t(No symbol) [0x004E8551]\n\t(No symbol) [0x003EC92D]\n\t(No symbol) [0x00419E38]\n\t(No symbol) [0x00419EFB]\n\t(No symbol) [0x00448EF2]\n\t(No symbol) [0x004350D4]\n\t(No symbol) [0x004475DA]\n\t(No symbol) [0x00434E86]\n\t(No symbol) [0x004116C7]\n\t(No symbol) [0x0041284D]\n\tGetHandleVerifier [0x0079FDF9+2458985]\n\tGetHandleVerifier [0x007E744F+2751423]\n\tGetHandleVerifier [0x007E1361+2726609]\n\tGetHandleVerifier [0x005D0680+560624]\n\t(No symbol) [0x004F238C]\n\t(No symbol) [0x004EE268]\n\t(No symbol) [0x004EE392]\n\t(No symbol) [0x004E10B7]\n\tBaseThreadInitThunk [0x76227BA9+25]\n\tRtlInitializeExceptionChain [0x776BB79B+107]\n\tRtlClearBits [0x776BB71F+191]","statusTrace":"self = <TestsCases.Test_12_ProductCategory.TestProductCategory testMethod=test_03_edit_product_category_1___Product_Cat_07____Product_Cat_edit_07__>\nname = 'Product-Cat-07', edit_name = 'Product-Cat-edit-07'\n\n    @allure.description(\"To verify edit Product Category. \")\n    @allure.severity(allure.severity_level.NORMAL)\n    @data(*Utils.read_xlsx(\"../TestData/ProductCategory/TestProductCategory.xlsx\", \"edit_category\"))\n    @unpack\n    def test_03_edit_product_category(self, name, edit_name):\n        self.LoginMethod.nativelogin(\"frugal@latido.com.np\", \"Test@123\")\n        try:\n            self.assertEqual(self.category.test_edit_category(name, edit_name), True,\n                             msg=\"Verify Failed to edit Product Category page\")\n        # Checking if assertion failed\n        except (NoSuchElementException, AssertionError, TimeoutException, AttributeError) as e:\n            allure.attach(self.driver.get_screenshot_as_png(), name=\"verify_Product_Category\",\n                          attachment_type=AttachmentType.PNG)\n>           raise e\n\nTest_12_ProductCategory.py:71: \n_ _ _ _ _ _ _ _ _ _ _ _ _ _ _ _ _ _ _ _ _ _ _ _ _ _ _ _ _ _ _ _ _ _ _ _ _ _ _ _\nTest_12_ProductCategory.py:65: in test_03_edit_product_category\n    self.assertEqual(self.category.test_edit_category(name, edit_name), True,\n..\\executions\\ProductCategoryExecutions\\ProductCategoryMethod.py:60: in test_edit_category\n    self.Category.clear(self.Category.CATEGORY_NAME)\n..\\Pages\\ProductCategory\\ProductCategoryPage.py:56: in clear\n    self.wait.until(EC.element_to_be_clickable(locator)).send_keys(Keys.CONTROL + 'a')\n_ _ _ _ _ _ _ _ _ _ _ _ _ _ _ _ _ _ _ _ _ _ _ _ _ _ _ _ _ _ _ _ _ _ _ _ _ _ _ _\n\nself = <selenium.webdriver.support.wait.WebDriverWait (session=\"e73a385f4c21b4a351fb350fc1f666fb\")>\nmethod = <function element_to_be_clickable.<locals>._predicate at 0x000001C657A07910>\nmessage = ''\n\n    def until(self, method, message: str = \"\"):\n        \"\"\"Calls the method provided with the driver as an argument until the \\\n        return value does not evaluate to ``False``.\n    \n        :param method: callable(WebDriver)\n        :param message: optional message for :exc:`TimeoutException`\n        :returns: the result of the last call to `method`\n        :raises: :exc:`selenium.common.exceptions.TimeoutException` if timeout occurs\n        \"\"\"\n        screen = None\n        stacktrace = None\n    \n        end_time = time.monotonic() + self._timeout\n        while True:\n            try:\n                value = method(self._driver)\n                if value:\n                    return value\n            except self._ignored_exceptions as exc:\n                screen = getattr(exc, \"screen\", None)\n                stacktrace = getattr(exc, \"stacktrace\", None)\n            time.sleep(self._poll)\n            if time.monotonic() > end_time:\n                break\n>       raise TimeoutException(message, screen, stacktrace)\nE       selenium.common.exceptions.TimeoutException: Message: \nE       Stacktrace:\nE       \tGetHandleVerifier [0x005537C3+48947]\nE       \t(No symbol) [0x004E8551]\nE       \t(No symbol) [0x003EC92D]\nE       \t(No symbol) [0x00419E38]\nE       \t(No symbol) [0x00419EFB]\nE       \t(No symbol) [0x00448EF2]\nE       \t(No symbol) [0x004350D4]\nE       \t(No symbol) [0x004475DA]\nE       \t(No symbol) [0x00434E86]\nE       \t(No symbol) [0x004116C7]\nE       \t(No symbol) [0x0041284D]\nE       \tGetHandleVerifier [0x0079FDF9+2458985]\nE       \tGetHandleVerifier [0x007E744F+2751423]\nE       \tGetHandleVerifier [0x007E1361+2726609]\nE       \tGetHandleVerifier [0x005D0680+560624]\nE       \t(No symbol) [0x004F238C]\nE       \t(No symbol) [0x004EE268]\nE       \t(No symbol) [0x004EE392]\nE       \t(No symbol) [0x004E10B7]\nE       \tBaseThreadInitThunk [0x76227BA9+25]\nE       \tRtlInitializeExceptionChain [0x776BB79B+107]\nE       \tRtlClearBits [0x776BB71F+191]\n\n..\\.venv\\lib\\site-packages\\selenium\\webdriver\\support\\wait.py:95: TimeoutException","steps":[],"attachments":[{"uid":"83bbfbcb1bcfaf77","name":"verify_Product_Category","source":"83bbfbcb1bcfaf77.png","type":"image/png","size":88608},{"uid":"ab958893135a5bcb","name":"log","source":"ab958893135a5bcb.txt","type":"text/plain","size":98}],"parameters":[],"attachmentsCount":2,"shouldDisplayMessage":true,"hasContent":true,"stepsCount":0},"afterStages":[{"name":"_unittest_setUpClass_fixture_TestProductCategory::0","time":{"start":1694166316377,"stop":1694166316377,"duration":0},"status":"passed","steps":[],"attachments":[],"parameters":[],"attachmentsCount":0,"shouldDisplayMessage":false,"hasContent":false,"stepsCount":0}],"labels":[{"name":"feature","value":"Product Category"},{"name":"severity","value":"normal"},{"name":"suite","value":"Test_12_ProductCategory"},{"name":"subSuite","value":"TestProductCategory"},{"name":"host","value":"0day"},{"name":"thread","value":"17272-MainThread"},{"name":"framework","value":"pytest"},{"name":"language","value":"cpython3"},{"name":"package","value":"Test_12_ProductCategory"},{"name":"resultFormat","value":"allure2"}],"parameters":[],"links":[],"hidden":false,"retry":false,"extra":{"severity":"normal","retries":[],"categories":[{"name":"Test defects","matchedStatuses":[],"flaky":false}],"tags":[]},"source":"6a162a75401aa57c.json","parameterValues":[]}