{"uid":"dfd5ff9360dc9ee0","name":"test_05_edit_product_subcategory_1___Product_Cat_edit_07____Product_Sub_category_07____Sub_category__Edit__07__","fullName":"Test_12_ProductCategory.TestProductCategory#test_05_edit_product_subcategory_1___Product_Cat_edit_07____Product_Sub_category_07____Sub_category__Edit__07__","historyId":"f06227d95bf1166af228b8d708725f4d","time":{"start":1694166217259,"stop":1694166252769,"duration":35510},"description":"To verify edit Product Sub-category. ","descriptionHtml":"<p>To verify edit Product Sub-category.</p>\n","status":"broken","statusMessage":"selenium.common.exceptions.TimeoutException: Message: \nStacktrace:\n\tGetHandleVerifier [0x004C37C3+48947]\n\t(No symbol) [0x00458551]\n\t(No symbol) [0x0035C92D]\n\t(No symbol) [0x00389E38]\n\t(No symbol) [0x00389EFB]\n\t(No symbol) [0x003B8EF2]\n\t(No symbol) [0x003A50D4]\n\t(No symbol) [0x003B75DA]\n\t(No symbol) [0x003A4E86]\n\t(No symbol) [0x003816C7]\n\t(No symbol) [0x0038284D]\n\tGetHandleVerifier [0x0070FDF9+2458985]\n\tGetHandleVerifier [0x0075744F+2751423]\n\tGetHandleVerifier [0x00751361+2726609]\n\tGetHandleVerifier [0x00540680+560624]\n\t(No symbol) [0x0046238C]\n\t(No symbol) [0x0045E268]\n\t(No symbol) [0x0045E392]\n\t(No symbol) [0x004510B7]\n\tBaseThreadInitThunk [0x76227BA9+25]\n\tRtlInitializeExceptionChain [0x776BB79B+107]\n\tRtlClearBits [0x776BB71F+191]","statusTrace":"self = <TestsCases.Test_12_ProductCategory.TestProductCategory testMethod=test_05_edit_product_subcategory_1___Product_Cat_edit_07____Product_Sub_category_07____Sub_category__Edit__07__>\nmain_category = 'Product-Cat-edit-07', sub_category = 'Product-Sub-category-07'\nedit_name = 'Sub-category (Edit)-07'\n\n    @allure.description(\"To verify edit Product Sub-category. \")\n    @allure.severity(allure.severity_level.NORMAL)\n    @data(*Utils.read_xlsx(\"../TestData/ProductCategory/TestProductCategory.xlsx\", \"edit_subCategory\"))\n    @unpack\n    def test_05_edit_product_subcategory(self, main_category, sub_category, edit_name):\n        self.LoginMethod.nativelogin(\"frugal@latido.com.np\", \"Test@123\")\n        try:\n            self.assertEqual(self.category.test_edit_Subcategory(main_category, sub_category, edit_name), True,\n                             msg=\"Verify Failed to edit Product SUb-category page\")\n        # Checking if assertion failed\n        except (NoSuchElementException, AssertionError, TimeoutException, AttributeError) as e:\n            allure.attach(self.driver.get_screenshot_as_png(), name=\"verify_Product_Category\",\n                          attachment_type=AttachmentType.PNG)\n>           raise e\n\nTest_12_ProductCategory.py:103: \n_ _ _ _ _ _ _ _ _ _ _ _ _ _ _ _ _ _ _ _ _ _ _ _ _ _ _ _ _ _ _ _ _ _ _ _ _ _ _ _\nTest_12_ProductCategory.py:97: in test_05_edit_product_subcategory\n    self.assertEqual(self.category.test_edit_Subcategory(main_category, sub_category, edit_name), True,\n..\\executions\\ProductCategoryExecutions\\ProductCategoryMethod.py:80: in test_edit_Subcategory\n    self.Category.clear(self.Category.CATEGORY_NAME)\n..\\Pages\\ProductCategory\\ProductCategoryPage.py:56: in clear\n    self.wait.until(EC.element_to_be_clickable(locator)).send_keys(Keys.CONTROL + 'a')\n_ _ _ _ _ _ _ _ _ _ _ _ _ _ _ _ _ _ _ _ _ _ _ _ _ _ _ _ _ _ _ _ _ _ _ _ _ _ _ _\n\nself = <selenium.webdriver.support.wait.WebDriverWait (session=\"42af0ea90f88f71e5408c677c262c637\")>\nmethod = <function element_to_be_clickable.<locals>._predicate at 0x000001C6566436D0>\nmessage = ''\n\n    def until(self, method, message: str = \"\"):\n        \"\"\"Calls the method provided with the driver as an argument until the \\\n        return value does not evaluate to ``False``.\n    \n        :param method: callable(WebDriver)\n        :param message: optional message for :exc:`TimeoutException`\n        :returns: the result of the last call to `method`\n        :raises: :exc:`selenium.common.exceptions.TimeoutException` if timeout occurs\n        \"\"\"\n        screen = None\n        stacktrace = None\n    \n        end_time = time.monotonic() + self._timeout\n        while True:\n            try:\n                value = method(self._driver)\n                if value:\n                    return value\n            except self._ignored_exceptions as exc:\n                screen = getattr(exc, \"screen\", None)\n                stacktrace = getattr(exc, \"stacktrace\", None)\n            time.sleep(self._poll)\n            if time.monotonic() > end_time:\n                break\n>       raise TimeoutException(message, screen, stacktrace)\nE       selenium.common.exceptions.TimeoutException: Message: \nE       Stacktrace:\nE       \tGetHandleVerifier [0x004C37C3+48947]\nE       \t(No symbol) [0x00458551]\nE       \t(No symbol) [0x0035C92D]\nE       \t(No symbol) [0x00389E38]\nE       \t(No symbol) [0x00389EFB]\nE       \t(No symbol) [0x003B8EF2]\nE       \t(No symbol) [0x003A50D4]\nE       \t(No symbol) [0x003B75DA]\nE       \t(No symbol) [0x003A4E86]\nE       \t(No symbol) [0x003816C7]\nE       \t(No symbol) [0x0038284D]\nE       \tGetHandleVerifier [0x0070FDF9+2458985]\nE       \tGetHandleVerifier [0x0075744F+2751423]\nE       \tGetHandleVerifier [0x00751361+2726609]\nE       \tGetHandleVerifier [0x00540680+560624]\nE       \t(No symbol) [0x0046238C]\nE       \t(No symbol) [0x0045E268]\nE       \t(No symbol) [0x0045E392]\nE       \t(No symbol) [0x004510B7]\nE       \tBaseThreadInitThunk [0x76227BA9+25]\nE       \tRtlInitializeExceptionChain [0x776BB79B+107]\nE       \tRtlClearBits [0x776BB71F+191]\n\n..\\.venv\\lib\\site-packages\\selenium\\webdriver\\support\\wait.py:95: TimeoutException","flaky":false,"newFailed":false,"newBroken":false,"newPassed":false,"retriesCount":0,"retriesStatusChange":false,"beforeStages":[{"name":"_unittest_setUpClass_fixture_TestProductCategory","time":{"start":1694165805024,"stop":1694165805024,"duration":0},"status":"passed","steps":[],"attachments":[],"parameters":[],"attachmentsCount":0,"shouldDisplayMessage":false,"hasContent":false,"stepsCount":0}],"testStage":{"description":"To verify edit Product Sub-category. ","status":"broken","statusMessage":"selenium.common.exceptions.TimeoutException: Message: \nStacktrace:\n\tGetHandleVerifier [0x004C37C3+48947]\n\t(No symbol) [0x00458551]\n\t(No symbol) [0x0035C92D]\n\t(No symbol) [0x00389E38]\n\t(No symbol) [0x00389EFB]\n\t(No symbol) [0x003B8EF2]\n\t(No symbol) [0x003A50D4]\n\t(No symbol) [0x003B75DA]\n\t(No symbol) [0x003A4E86]\n\t(No symbol) [0x003816C7]\n\t(No symbol) [0x0038284D]\n\tGetHandleVerifier [0x0070FDF9+2458985]\n\tGetHandleVerifier [0x0075744F+2751423]\n\tGetHandleVerifier [0x00751361+2726609]\n\tGetHandleVerifier [0x00540680+560624]\n\t(No symbol) [0x0046238C]\n\t(No symbol) [0x0045E268]\n\t(No symbol) [0x0045E392]\n\t(No symbol) [0x004510B7]\n\tBaseThreadInitThunk [0x76227BA9+25]\n\tRtlInitializeExceptionChain [0x776BB79B+107]\n\tRtlClearBits [0x776BB71F+191]","statusTrace":"self = <TestsCases.Test_12_ProductCategory.TestProductCategory testMethod=test_05_edit_product_subcategory_1___Product_Cat_edit_07____Product_Sub_category_07____Sub_category__Edit__07__>\nmain_category = 'Product-Cat-edit-07', sub_category = 'Product-Sub-category-07'\nedit_name = 'Sub-category (Edit)-07'\n\n    @allure.description(\"To verify edit Product Sub-category. \")\n    @allure.severity(allure.severity_level.NORMAL)\n    @data(*Utils.read_xlsx(\"../TestData/ProductCategory/TestProductCategory.xlsx\", \"edit_subCategory\"))\n    @unpack\n    def test_05_edit_product_subcategory(self, main_category, sub_category, edit_name):\n        self.LoginMethod.nativelogin(\"frugal@latido.com.np\", \"Test@123\")\n        try:\n            self.assertEqual(self.category.test_edit_Subcategory(main_category, sub_category, edit_name), True,\n                             msg=\"Verify Failed to edit Product SUb-category page\")\n        # Checking if assertion failed\n        except (NoSuchElementException, AssertionError, TimeoutException, AttributeError) as e:\n            allure.attach(self.driver.get_screenshot_as_png(), name=\"verify_Product_Category\",\n                          attachment_type=AttachmentType.PNG)\n>           raise e\n\nTest_12_ProductCategory.py:103: \n_ _ _ _ _ _ _ _ _ _ _ _ _ _ _ _ _ _ _ _ _ _ _ _ _ _ _ _ _ _ _ _ _ _ _ _ _ _ _ _\nTest_12_ProductCategory.py:97: in test_05_edit_product_subcategory\n    self.assertEqual(self.category.test_edit_Subcategory(main_category, sub_category, edit_name), True,\n..\\executions\\ProductCategoryExecutions\\ProductCategoryMethod.py:80: in test_edit_Subcategory\n    self.Category.clear(self.Category.CATEGORY_NAME)\n..\\Pages\\ProductCategory\\ProductCategoryPage.py:56: in clear\n    self.wait.until(EC.element_to_be_clickable(locator)).send_keys(Keys.CONTROL + 'a')\n_ _ _ _ _ _ _ _ _ _ _ _ _ _ _ _ _ _ _ _ _ _ _ _ _ _ _ _ _ _ _ _ _ _ _ _ _ _ _ _\n\nself = <selenium.webdriver.support.wait.WebDriverWait (session=\"42af0ea90f88f71e5408c677c262c637\")>\nmethod = <function element_to_be_clickable.<locals>._predicate at 0x000001C6566436D0>\nmessage = ''\n\n    def until(self, method, message: str = \"\"):\n        \"\"\"Calls the method provided with the driver as an argument until the \\\n        return value does not evaluate to ``False``.\n    \n        :param method: callable(WebDriver)\n        :param message: optional message for :exc:`TimeoutException`\n        :returns: the result of the last call to `method`\n        :raises: :exc:`selenium.common.exceptions.TimeoutException` if timeout occurs\n        \"\"\"\n        screen = None\n        stacktrace = None\n    \n        end_time = time.monotonic() + self._timeout\n        while True:\n            try:\n                value = method(self._driver)\n                if value:\n                    return value\n            except self._ignored_exceptions as exc:\n                screen = getattr(exc, \"screen\", None)\n                stacktrace = getattr(exc, \"stacktrace\", None)\n            time.sleep(self._poll)\n            if time.monotonic() > end_time:\n                break\n>       raise TimeoutException(message, screen, stacktrace)\nE       selenium.common.exceptions.TimeoutException: Message: \nE       Stacktrace:\nE       \tGetHandleVerifier [0x004C37C3+48947]\nE       \t(No symbol) [0x00458551]\nE       \t(No symbol) [0x0035C92D]\nE       \t(No symbol) [0x00389E38]\nE       \t(No symbol) [0x00389EFB]\nE       \t(No symbol) [0x003B8EF2]\nE       \t(No symbol) [0x003A50D4]\nE       \t(No symbol) [0x003B75DA]\nE       \t(No symbol) [0x003A4E86]\nE       \t(No symbol) [0x003816C7]\nE       \t(No symbol) [0x0038284D]\nE       \tGetHandleVerifier [0x0070FDF9+2458985]\nE       \tGetHandleVerifier [0x0075744F+2751423]\nE       \tGetHandleVerifier [0x00751361+2726609]\nE       \tGetHandleVerifier [0x00540680+560624]\nE       \t(No symbol) [0x0046238C]\nE       \t(No symbol) [0x0045E268]\nE       \t(No symbol) [0x0045E392]\nE       \t(No symbol) [0x004510B7]\nE       \tBaseThreadInitThunk [0x76227BA9+25]\nE       \tRtlInitializeExceptionChain [0x776BB79B+107]\nE       \tRtlClearBits [0x776BB71F+191]\n\n..\\.venv\\lib\\site-packages\\selenium\\webdriver\\support\\wait.py:95: TimeoutException","steps":[],"attachments":[{"uid":"aa8fa2ffcdbc2142","name":"verify_Product_Category","source":"aa8fa2ffcdbc2142.png","type":"image/png","size":48248},{"uid":"7fd6da74ddd0ae2d","name":"log","source":"7fd6da74ddd0ae2d.txt","type":"text/plain","size":789}],"parameters":[],"attachmentsCount":2,"shouldDisplayMessage":true,"hasContent":true,"stepsCount":0},"afterStages":[{"name":"_unittest_setUpClass_fixture_TestProductCategory::0","time":{"start":1694166316377,"stop":1694166316377,"duration":0},"status":"passed","steps":[],"attachments":[],"parameters":[],"attachmentsCount":0,"shouldDisplayMessage":false,"hasContent":false,"stepsCount":0}],"labels":[{"name":"feature","value":"Product Category"},{"name":"severity","value":"normal"},{"name":"suite","value":"Test_12_ProductCategory"},{"name":"subSuite","value":"TestProductCategory"},{"name":"host","value":"0day"},{"name":"thread","value":"17272-MainThread"},{"name":"framework","value":"pytest"},{"name":"language","value":"cpython3"},{"name":"package","value":"Test_12_ProductCategory"},{"name":"resultFormat","value":"allure2"}],"parameters":[],"links":[],"hidden":false,"retry":false,"extra":{"severity":"normal","retries":[],"categories":[{"name":"Test defects","matchedStatuses":[],"flaky":false}],"tags":[]},"source":"dfd5ff9360dc9ee0.json","parameterValues":[]}